[2020-02-23T15:56:09.261] [DEBUG] cheese - login => username:admin,password:123456
[2020-02-23T15:56:09.301] [DEBUG] cheese - admin
[2020-02-23T15:56:09.384] [DEBUG] cheese - null
[2020-02-23T15:56:09.385] [DEBUG] cheese - null
[2020-02-23T16:16:22.864] [DEBUG] cheese - login => username:admin,password:123456
[2020-02-23T16:16:22.864] [DEBUG] cheese - admin
[2020-02-23T16:16:59.090] [DEBUG] cheese - null
[2020-02-23T16:16:59.091] [DEBUG] cheese - null
[2020-02-23T17:14:35.710] [DEBUG] cheese - login => username:admin,password:123456
[2020-02-23T17:14:35.894] [DEBUG] cheese - admin
[2020-02-23T17:14:37.095] [DEBUG] cheese - null
[2020-02-23T17:14:37.096] [DEBUG] cheese - null
[2020-02-23T17:20:55.290] [DEBUG] cheese - login => username:asdf,password:ddfdfsdf
[2020-02-23T17:20:55.290] [DEBUG] cheese - asdf
[2020-02-23T17:20:55.296] [DEBUG] cheese - null
[2020-02-23T17:20:55.296] [DEBUG] cheese - null
[2020-02-23T17:23:30.505] [DEBUG] cheese - login => username:sdf,password:ddfdfdd
[2020-02-23T17:23:30.506] [DEBUG] cheese - sdf
[2020-02-23T17:23:30.513] [DEBUG] cheese - null
[2020-02-23T17:23:30.513] [DEBUG] cheese - null
[2020-02-23T17:24:01.878] [DEBUG] cheese - login => username:ddd,password:sfsdfsd
[2020-02-23T17:24:01.878] [DEBUG] cheese - ddd
[2020-02-23T17:24:01.882] [DEBUG] cheese - null
[2020-02-23T17:24:01.882] [DEBUG] cheese - null
[2020-02-23T17:24:40.392] [DEBUG] cheese - login => username:dddf,password:dfdfdfd
[2020-02-23T17:24:40.392] [DEBUG] cheese - dddf
[2020-02-23T17:24:40.396] [DEBUG] cheese - null
[2020-02-23T17:24:40.396] [DEBUG] cheese - null
[2020-02-23T17:24:50.400] [DEBUG] cheese - login => username:ddfd,password:dfddffd
[2020-02-23T17:24:50.400] [DEBUG] cheese - ddfd
[2020-02-23T17:24:50.404] [DEBUG] cheese - null
[2020-02-23T17:24:50.405] [DEBUG] cheese - null
[2020-02-23T17:25:17.081] [DEBUG] cheese - login => username:dfdf,password:sdfssdfs
[2020-02-23T17:25:17.081] [DEBUG] cheese - dfdf
[2020-02-23T17:25:17.084] [DEBUG] cheese - null
[2020-02-23T17:25:17.084] [DEBUG] cheese - null
[2020-02-23T17:30:36.171] [DEBUG] cheese - login => username:ddd,password:safsdfa
[2020-02-23T17:30:36.171] [DEBUG] cheese - ddd
[2020-02-23T17:30:36.176] [DEBUG] cheese - null
[2020-02-23T17:30:36.176] [DEBUG] cheese - null
[2020-02-23T17:31:19.441] [DEBUG] cheese - login => username:admin,password:123456789
[2020-02-23T17:31:19.441] [DEBUG] cheese - admin
[2020-02-23T17:31:19.446] [DEBUG] cheese - null
[2020-02-23T17:31:19.446] [DEBUG] cheese - null
[2020-02-23T17:31:23.736] [DEBUG] cheese - login => username:admin,password:123456
[2020-02-23T17:31:23.736] [DEBUG] cheese - admin
[2020-02-23T17:31:23.743] [DEBUG] cheese - null
[2020-02-23T17:31:23.743] [DEBUG] cheese - null
[2020-02-23T17:33:06.894] [DEBUG] cheese - login => username:admin,password:asdfasdf
[2020-02-23T17:33:06.894] [DEBUG] cheese - admin
[2020-02-23T17:33:06.900] [DEBUG] cheese - null
[2020-02-23T17:33:06.901] [DEBUG] cheese - null
[2020-02-23T17:33:11.342] [DEBUG] cheese - login => username:admin,password:123456
[2020-02-23T17:33:11.342] [DEBUG] cheese - admin
[2020-02-23T17:33:11.347] [DEBUG] cheese - null
[2020-02-23T17:33:11.347] [DEBUG] cheese - null
[2020-02-23T17:33:21.457] [DEBUG] cheese - login => username:adm,password:123456
[2020-02-23T17:33:21.457] [DEBUG] cheese - adm
[2020-02-23T17:33:21.462] [DEBUG] cheese - null
[2020-02-23T17:33:21.463] [DEBUG] cheese - null
[2020-02-23T17:35:10.846] [DEBUG] cheese - login => username:addd,password:123133
[2020-02-23T17:35:10.847] [DEBUG] cheese - addd
[2020-02-23T17:35:10.851] [DEBUG] cheese - null
[2020-02-23T17:35:10.851] [DEBUG] cheese - null
[2020-02-23T17:35:23.530] [DEBUG] cheese - login => username:addd,password:1111dd
[2020-02-23T17:35:23.530] [DEBUG] cheese - addd
[2020-02-23T17:35:23.536] [DEBUG] cheese - null
[2020-02-23T17:35:23.536] [DEBUG] cheese - null
[2020-02-23T17:35:31.617] [DEBUG] cheese - login => username:admin,password:123456
[2020-02-23T17:35:31.617] [DEBUG] cheese - admin
[2020-02-23T17:35:31.623] [DEBUG] cheese - null
[2020-02-23T17:35:31.623] [DEBUG] cheese - null
[2020-02-23T17:39:54.082] [DEBUG] cheese - login => username:admin,password:123456
[2020-02-23T17:39:54.082] [DEBUG] cheese - admin
[2020-02-23T17:39:54.087] [DEBUG] cheese - null
[2020-02-23T17:39:54.087] [DEBUG] cheese - null
[2020-02-23T17:55:31.184] [DEBUG] cheese - login => username:admin,password:123456
[2020-02-23T17:55:31.184] [DEBUG] cheese - admin
[2020-02-23T17:55:31.210] [DEBUG] cheese - null
[2020-02-23T17:55:31.210] [DEBUG] cheese - null
[2020-02-23T17:58:34.808] [DEBUG] cheese - login => username:admin,password:123456dd
[2020-02-23T17:58:34.808] [DEBUG] cheese - admin
[2020-02-23T17:58:34.811] [DEBUG] cheese - null
[2020-02-23T17:58:34.811] [DEBUG] cheese - null
[2020-02-23T17:58:41.117] [DEBUG] cheese - login => username:admin,password:123456
[2020-02-23T17:58:41.118] [DEBUG] cheese - admin
[2020-02-23T17:58:41.120] [DEBUG] cheese - null
[2020-02-23T17:58:41.120] [DEBUG] cheese - null
[2020-02-23T17:59:02.797] [DEBUG] cheese - login => username:admin,password:123456
[2020-02-23T17:59:02.797] [DEBUG] cheese - admin
[2020-02-23T17:59:02.800] [DEBUG] cheese - null
[2020-02-23T17:59:02.800] [DEBUG] cheese - null
[2020-02-23T18:34:16.807] [DEBUG] cheese - login => username:admin,password:123456
[2020-02-23T18:34:16.808] [DEBUG] cheese - admin
[2020-02-23T18:34:16.815] [DEBUG] cheese - null
[2020-02-23T18:34:16.815] [DEBUG] cheese - null
[2020-02-23T18:34:28.125] [DEBUG] cheese - login => username:n,password:6
[2020-02-23T18:34:28.125] [DEBUG] cheese - n
[2020-02-23T18:34:28.127] [DEBUG] cheese - null
[2020-02-23T18:34:28.128] [DEBUG] cheese - null
[2020-02-23T18:34:30.612] [DEBUG] cheese - login => username:n,password:6
[2020-02-23T18:34:30.612] [DEBUG] cheese - n
[2020-02-23T18:34:30.615] [DEBUG] cheese - null
[2020-02-23T18:34:30.615] [DEBUG] cheese - null
[2020-02-23T18:34:30.821] [DEBUG] cheese - login => username:n,password:6
[2020-02-23T18:34:30.821] [DEBUG] cheese - n
[2020-02-23T18:34:30.825] [DEBUG] cheese - null
[2020-02-23T18:34:30.825] [DEBUG] cheese - null
[2020-02-23T18:34:39.968] [DEBUG] cheese - login => username:admin,password:123456
[2020-02-23T18:34:39.968] [DEBUG] cheese - admin
[2020-02-23T18:34:39.971] [DEBUG] cheese - null
[2020-02-23T18:34:39.971] [DEBUG] cheese - null
[2020-02-23T19:09:50.491] [DEBUG] cheese - login => username:admin,password:123456
[2020-02-23T19:09:50.491] [DEBUG] cheese - admin
[2020-02-23T19:09:50.494] [DEBUG] cheese - null
[2020-02-23T19:09:50.494] [DEBUG] cheese - null
[2020-02-23T21:30:25.119] [DEBUG] cheese - login => username:admin,password:123456
[2020-02-23T21:30:25.120] [DEBUG] cheese - admin
[2020-02-23T21:30:25.128] [DEBUG] cheese - null
[2020-02-23T21:30:25.129] [DEBUG] cheese - null
[2020-02-23T21:36:02.354] [DEBUG] cheese - login => username:admin,password:123456
[2020-02-23T21:36:02.354] [DEBUG] cheese - admin
[2020-02-23T21:36:02.357] [DEBUG] cheese - null
[2020-02-23T21:36:02.357] [DEBUG] cheese - null
[2020-02-23T21:55:49.849] [DEBUG] cheese - login => username:admin,password:123456
[2020-02-23T21:55:49.849] [DEBUG] cheese - admin
[2020-02-23T21:55:49.851] [DEBUG] cheese - null
[2020-02-23T21:55:49.851] [DEBUG] cheese - null
[2020-02-23T22:22:41.172] [DEBUG] cheese - login => username:admin,password:123456
[2020-02-23T22:22:41.172] [DEBUG] cheese - admin
[2020-02-23T22:22:41.176] [DEBUG] cheese - null
[2020-02-23T22:22:41.176] [DEBUG] cheese - null
[2020-02-23T23:53:13.203] [DEBUG] cheese - login => username:admin,password:123456
[2020-02-23T23:53:13.205] [DEBUG] cheese - admin
[2020-02-23T23:53:13.234] [DEBUG] cheese - null
[2020-02-23T23:53:13.235] [DEBUG] cheese - null
[2020-02-24T00:05:34.437] [DEBUG] cheese - login => username:admin,password:123456
[2020-02-24T00:05:34.438] [DEBUG] cheese - admin
[2020-02-24T00:05:34.461] [DEBUG] cheese - null
[2020-02-24T00:05:34.461] [DEBUG] cheese - null
[2020-02-25T11:49:28.937] [DEBUG] cheese - login => username:admin,password:123456
[2020-02-25T11:49:28.940] [DEBUG] cheese - admin
[2020-02-25T11:49:29.015] [DEBUG] cheese - null
[2020-02-25T11:49:29.016] [DEBUG] cheese - null
[2020-02-25T11:53:41.664] [DEBUG] cheese - login => username:admin,password:123456
[2020-02-25T11:53:41.665] [DEBUG] cheese - admin
[2020-02-25T11:53:41.670] [DEBUG] cheese - null
[2020-02-25T11:53:41.670] [DEBUG] cheese - null
[2020-02-25T11:55:22.544] [DEBUG] cheese - login => username:admin,password:123456
[2020-02-25T11:55:22.545] [DEBUG] cheese - admin
[2020-02-25T11:55:22.563] [DEBUG] cheese - null
[2020-02-25T11:55:22.564] [DEBUG] cheese - null
[2020-02-25T11:56:11.694] [DEBUG] cheese - login => username:admin,password:123456
[2020-02-25T11:56:11.696] [DEBUG] cheese - admin
[2020-02-25T11:56:11.706] [DEBUG] cheese - null
[2020-02-25T11:56:11.707] [DEBUG] cheese - null
[2020-02-25T11:57:45.426] [DEBUG] cheese - login => username:admin,password:123456
[2020-02-25T11:57:45.428] [DEBUG] cheese - admin
[2020-02-25T11:57:45.442] [DEBUG] cheese - null
[2020-02-25T11:57:45.442] [DEBUG] cheese - null
[2020-02-25T11:58:44.533] [DEBUG] cheese - login => username:admin,password:123456
[2020-02-25T11:58:44.534] [DEBUG] cheese - admin
[2020-02-25T11:58:44.550] [DEBUG] cheese - null
[2020-02-25T11:58:44.551] [DEBUG] cheese - null
[2020-02-25T12:07:12.080] [DEBUG] cheese - login => username:admin,password:123456
[2020-02-25T12:07:12.082] [DEBUG] cheese - admin
[2020-02-25T12:07:12.097] [DEBUG] cheese - null
[2020-02-25T12:07:12.097] [DEBUG] cheese - null
[2020-02-25T12:09:14.400] [DEBUG] cheese - login => username:admin,password:123456
[2020-02-25T12:09:14.403] [DEBUG] cheese - admin
[2020-02-25T12:09:14.418] [DEBUG] cheese - null
[2020-02-25T12:09:14.419] [DEBUG] cheese - null
[2020-02-25T12:09:49.207] [DEBUG] cheese - login => username:admin,password:123456
[2020-02-25T12:09:49.209] [DEBUG] cheese - admin
[2020-02-25T12:09:49.226] [DEBUG] cheese - null
[2020-02-25T12:09:49.227] [DEBUG] cheese - null
[2020-02-25T12:33:53.670] [DEBUG] cheese - login => username:admin,password:123456
[2020-02-25T12:33:53.671] [DEBUG] cheese - admin
[2020-02-25T12:33:53.686] [DEBUG] cheese - null
[2020-02-25T12:33:53.686] [DEBUG] cheese - null
[2020-02-25T14:26:08.579] [DEBUG] cheese - login => username:admin,password:123456
[2020-02-25T14:26:08.580] [DEBUG] cheese - admin
[2020-02-25T14:26:08.590] [DEBUG] cheese - null
[2020-02-25T14:26:08.591] [DEBUG] cheese - null
[2020-02-25T14:28:42.512] [DEBUG] cheese - login => username:admin,password:123456
[2020-02-25T14:28:42.512] [DEBUG] cheese - admin
[2020-02-25T14:28:42.516] [DEBUG] cheese - null
[2020-02-25T14:28:42.517] [DEBUG] cheese - null
[2020-02-25T14:32:04.412] [DEBUG] cheese - login => username:admin,password:123456
[2020-02-25T14:32:04.412] [DEBUG] cheese - admin
[2020-02-25T14:32:04.418] [DEBUG] cheese - null
[2020-02-25T14:32:04.418] [DEBUG] cheese - null
[2020-02-25T14:34:13.249] [DEBUG] cheese - login => username:admin,password:123456
[2020-02-25T14:34:13.249] [DEBUG] cheese - admin
[2020-02-25T14:34:13.253] [DEBUG] cheese - null
[2020-02-25T14:34:13.253] [DEBUG] cheese - null
[2020-02-25T14:45:06.009] [DEBUG] cheese - login => username:admin,password:123456
[2020-02-25T14:45:06.010] [DEBUG] cheese - admin
[2020-02-25T14:45:06.022] [DEBUG] cheese - null
[2020-02-25T14:45:06.023] [DEBUG] cheese - null
[2020-02-25T14:45:41.907] [DEBUG] cheese - login => username:admin,password:123456
[2020-02-25T14:45:41.907] [DEBUG] cheese - admin
[2020-02-25T14:45:41.911] [DEBUG] cheese - null
[2020-02-25T14:45:41.911] [DEBUG] cheese - null
[2020-02-25T14:46:09.913] [DEBUG] cheese - login => username:admin,password:123456
[2020-02-25T14:46:09.913] [DEBUG] cheese - admin
[2020-02-25T14:46:09.919] [DEBUG] cheese - null
[2020-02-25T14:46:09.919] [DEBUG] cheese - null
[2020-02-25T14:47:34.303] [DEBUG] cheese - login => username:admin,password:123456
[2020-02-25T14:47:34.303] [DEBUG] cheese - admin
[2020-02-25T14:47:34.308] [DEBUG] cheese - null
[2020-02-25T14:47:34.308] [DEBUG] cheese - null
[2020-02-25T15:01:43.262] [DEBUG] cheese - login => username:admin,password:123456
[2020-02-25T15:01:43.263] [DEBUG] cheese - admin
[2020-02-25T15:01:43.266] [DEBUG] cheese - null
[2020-02-25T15:01:43.266] [DEBUG] cheese - null
[2020-02-25T15:02:56.473] [DEBUG] cheese - login => username:admin,password:123456
[2020-02-25T15:02:56.473] [DEBUG] cheese - admin
[2020-02-25T15:02:56.475] [DEBUG] cheese - null
[2020-02-25T15:02:56.475] [DEBUG] cheese - null
[2020-02-25T15:04:58.927] [DEBUG] cheese - login => username:admin,password:123456
[2020-02-25T15:04:58.927] [DEBUG] cheese - admin
[2020-02-25T15:04:58.930] [DEBUG] cheese - null
[2020-02-25T15:04:58.930] [DEBUG] cheese - null
[2020-02-25T15:08:50.522] [DEBUG] cheese - login => username:admin,password:123456
[2020-02-25T15:08:50.522] [DEBUG] cheese - admin
[2020-02-25T15:08:50.525] [DEBUG] cheese - null
[2020-02-25T15:08:50.526] [DEBUG] cheese - null
[2020-02-25T15:12:55.074] [DEBUG] cheese - login => username:admin,password:123456
[2020-02-25T15:12:55.075] [DEBUG] cheese - admin
[2020-02-25T15:12:55.078] [DEBUG] cheese - null
[2020-02-25T15:12:55.078] [DEBUG] cheese - null
[2020-02-25T15:14:43.379] [DEBUG] cheese - login => username:admin,password:123456
[2020-02-25T15:14:43.379] [DEBUG] cheese - admin
[2020-02-25T15:14:43.383] [DEBUG] cheese - null
[2020-02-25T15:14:43.383] [DEBUG] cheese - null
[2020-02-25T15:16:46.969] [DEBUG] cheese - login => username:admin,password:123456
[2020-02-25T15:16:46.969] [DEBUG] cheese - admin
[2020-02-25T15:16:46.972] [DEBUG] cheese - null
[2020-02-25T15:16:46.972] [DEBUG] cheese - null
[2020-02-25T15:36:10.360] [DEBUG] cheese - login => username:admin,password:123456
[2020-02-25T15:36:10.360] [DEBUG] cheese - admin
[2020-02-25T15:36:10.365] [DEBUG] cheese - null
[2020-02-25T15:36:10.365] [DEBUG] cheese - null
[2020-02-25T15:36:25.214] [DEBUG] cheese - login => username:admin,password:123456
[2020-02-25T15:36:25.214] [DEBUG] cheese - admin
[2020-02-25T15:36:25.217] [DEBUG] cheese - null
[2020-02-25T15:36:25.217] [DEBUG] cheese - null
[2020-02-25T17:42:17.834] [DEBUG] cheese - login => username:admin,password:123456
[2020-02-25T17:42:17.835] [DEBUG] cheese - admin
[2020-02-25T17:42:17.841] [DEBUG] cheese - null
[2020-02-25T17:42:17.841] [DEBUG] cheese - null
[2020-02-25T18:00:43.689] [DEBUG] cheese - login => username:admin,password:123456
[2020-02-25T18:00:43.689] [DEBUG] cheese - admin
[2020-02-25T18:00:43.692] [DEBUG] cheese - null
[2020-02-25T18:00:43.693] [DEBUG] cheese - null
[2020-02-25T18:14:10.334] [DEBUG] cheese - login => username:admin,password:123456
[2020-02-25T18:14:10.334] [DEBUG] cheese - admin
[2020-02-25T18:14:10.339] [DEBUG] cheese - null
[2020-02-25T18:14:10.339] [DEBUG] cheese - null
[2020-02-25T18:16:30.112] [DEBUG] cheese - login => username:admin,password:123456
[2020-02-25T18:16:30.112] [DEBUG] cheese - admin
[2020-02-25T18:16:30.118] [DEBUG] cheese - null
[2020-02-25T18:16:30.118] [DEBUG] cheese - null
[2020-02-25T18:20:22.950] [DEBUG] cheese - login => username:admin,password:123456
[2020-02-25T18:20:22.950] [DEBUG] cheese - admin
[2020-02-25T18:20:22.954] [DEBUG] cheese - null
[2020-02-25T18:20:22.954] [DEBUG] cheese - null
[2020-02-25T18:23:28.325] [DEBUG] cheese - login => username:admin,password:123456
[2020-02-25T18:23:28.325] [DEBUG] cheese - admin
[2020-02-25T18:23:28.328] [DEBUG] cheese - null
[2020-02-25T18:23:28.329] [DEBUG] cheese - null
[2020-02-25T18:30:31.356] [DEBUG] cheese - login => username:admin,password:123456
[2020-02-25T18:30:31.356] [DEBUG] cheese - admin
[2020-02-25T18:30:31.359] [DEBUG] cheese - null
[2020-02-25T18:30:31.359] [DEBUG] cheese - null
[2020-02-25T18:32:57.476] [DEBUG] cheese - login => username:admin,password:123456
[2020-02-25T18:32:57.477] [DEBUG] cheese - admin
[2020-02-25T18:32:57.480] [DEBUG] cheese - null
[2020-02-25T18:32:57.480] [DEBUG] cheese - null
[2020-02-25T18:36:41.934] [DEBUG] cheese - login => username:admin,password:123456
[2020-02-25T18:36:41.934] [DEBUG] cheese - admin
[2020-02-25T18:36:41.939] [DEBUG] cheese - null
[2020-02-25T18:36:41.939] [DEBUG] cheese - null
[2020-02-25T19:55:29.237] [DEBUG] cheese - login => username:admin,password:123456
[2020-02-25T19:55:29.238] [DEBUG] cheese - admin
[2020-02-25T19:55:29.245] [DEBUG] cheese - null
[2020-02-25T19:55:29.245] [DEBUG] cheese - null
[2020-02-25T20:06:55.819] [DEBUG] cheese - login => username:admin,password:123456
[2020-02-25T20:06:55.819] [DEBUG] cheese - admin
[2020-02-25T20:06:55.823] [DEBUG] cheese - null
[2020-02-25T20:06:55.823] [DEBUG] cheese - null
[2020-02-25T21:10:24.578] [DEBUG] cheese - login => username:admin,password:123456
[2020-02-25T21:10:24.579] [DEBUG] cheese - admin
[2020-02-25T21:10:24.586] [DEBUG] cheese - null
[2020-02-25T21:10:24.586] [DEBUG] cheese - null
[2020-02-25T23:02:18.991] [DEBUG] cheese - login => username:xxx,password:123456
[2020-02-25T23:02:18.992] [DEBUG] cheese - xxx
[2020-02-25T23:02:19.000] [DEBUG] cheese - null
[2020-02-25T23:02:19.001] [DEBUG] cheese - null
[2020-02-25T23:02:28.078] [DEBUG] cheese - login => username:admin,password:123456
[2020-02-25T23:02:28.078] [DEBUG] cheese - admin
[2020-02-25T23:02:28.082] [DEBUG] cheese - null
[2020-02-25T23:02:28.082] [DEBUG] cheese - null
[2020-02-26T10:39:16.418] [DEBUG] cheese - login => username:admin,password:123456
[2020-02-26T10:39:16.419] [DEBUG] cheese - admin
[2020-02-26T10:39:16.525] [DEBUG] cheese - null
[2020-02-26T10:39:16.527] [DEBUG] cheese - null
[2020-02-26T11:55:39.401] [DEBUG] cheese - login => username:admin,password:123456
[2020-02-26T11:55:39.402] [DEBUG] cheese - admin
[2020-02-26T11:55:39.407] [DEBUG] cheese - null
[2020-02-26T11:55:39.407] [DEBUG] cheese - null
[2020-02-26T12:03:33.190] [DEBUG] cheese - login => username:admin,password:123456
[2020-02-26T12:03:33.190] [DEBUG] cheese - admin
[2020-02-26T12:03:33.194] [DEBUG] cheese - null
[2020-02-26T12:03:33.194] [DEBUG] cheese - null
[2020-02-26T18:43:17.084] [DEBUG] cheese - null
[2020-02-26T18:44:22.878] [DEBUG] cheese - null
[2020-02-26T18:45:10.951] [DEBUG] cheese - null
[2020-02-26T18:45:37.779] [DEBUG] cheese - null
[2020-02-26T18:47:05.189] [DEBUG] cheese - null
[2020-02-26T18:47:15.011] [DEBUG] cheese - null
[2020-02-26T18:47:22.691] [DEBUG] cheese - null
[2020-02-27T09:31:06.883] [DEBUG] cheese - null
[2020-02-27T10:25:28.530] [DEBUG] cheese - null
[2020-02-27T10:25:30.650] [DEBUG] cheese - null
[2020-02-27T10:25:32.432] [DEBUG] cheese - null
[2020-02-27T10:25:35.519] [DEBUG] cheese - null
[2020-02-27T10:25:38.014] [DEBUG] cheese - null
[2020-02-27T10:25:40.366] [DEBUG] cheese - null
[2020-02-27T11:16:55.896] [DEBUG] cheese - null
[2020-02-27T11:17:00.578] [DEBUG] cheese - null
[2020-02-27T11:20:40.380] [DEBUG] cheese - login => username:admin,password:123456
[2020-02-27T11:20:40.382] [DEBUG] cheese - admin
[2020-02-27T11:20:40.388] [DEBUG] cheese - null
[2020-02-27T11:20:40.389] [DEBUG] cheese - null
[2020-02-27T17:32:01.409] [DEBUG] cheese - login => username:admin,password:123456
[2020-02-27T17:32:01.411] [DEBUG] cheese - admin
[2020-02-27T17:32:01.418] [DEBUG] cheese - null
[2020-02-27T17:32:01.418] [DEBUG] cheese - null
[2020-02-27T17:56:54.006] [DEBUG] cheese - null
[2020-02-27T17:56:55.998] [DEBUG] cheese - null
[2020-02-28T11:05:27.028] [DEBUG] cheese - null
[2020-02-28T11:32:21.136] [DEBUG] cheese - login => username:admin,password:123456
[2020-02-28T11:32:21.137] [DEBUG] cheese - admin
[2020-02-28T11:32:21.142] [DEBUG] cheese - null
[2020-02-28T11:32:21.143] [DEBUG] cheese - null
[2020-02-28T11:44:21.748] [DEBUG] cheese - null
[2020-02-28T11:44:29.388] [DEBUG] cheese - null
[2020-02-28T11:45:56.136] [DEBUG] cheese - null
[2020-02-28T11:45:59.604] [DEBUG] cheese - null
[2020-02-28T17:41:32.605] [DEBUG] cheese - null
[2020-02-28T17:41:37.901] [DEBUG] cheese - null
[2020-02-28T17:43:26.131] [DEBUG] cheese - null
[2020-02-28T17:45:53.289] [DEBUG] cheese - null
[2020-02-28T17:59:57.042] [DEBUG] cheese - login => username:asd,password:123456
[2020-02-28T17:59:57.044] [DEBUG] cheese - asd
[2020-02-28T17:59:57.047] [DEBUG] cheese - null
[2020-02-28T17:59:57.048] [DEBUG] cheese - null
[2020-02-28T18:00:01.289] [DEBUG] cheese - login => username:admin,password:123456
[2020-02-28T18:00:01.289] [DEBUG] cheese - admin
[2020-02-28T18:00:01.295] [DEBUG] cheese - null
[2020-02-28T18:00:01.295] [DEBUG] cheese - null
[2020-02-28T18:00:48.173] [DEBUG] cheese - null
[2020-02-28T18:02:40.111] [DEBUG] cheese - null
[2020-02-28T18:03:17.587] [DEBUG] cheese - null
[2020-02-29T13:06:53.351] [DEBUG] cheese - login => username:admin,password:123456
[2020-02-29T13:06:53.353] [DEBUG] cheese - admin
[2020-02-29T13:06:53.626] [DEBUG] cheese - null
[2020-02-29T13:06:53.627] [DEBUG] cheese - null
[2020-02-29T21:29:27.823] [DEBUG] cheese - null
[2020-02-29T21:29:31.182] [DEBUG] cheese - null
[2020-02-29T23:09:53.795] [DEBUG] cheese - login => username:admin,password:123456
[2020-02-29T23:09:53.797] [DEBUG] cheese - admin
[2020-02-29T23:09:53.806] [DEBUG] cheese - null
[2020-02-29T23:09:53.807] [DEBUG] cheese - null
[2020-03-01T12:15:39.872] [DEBUG] cheese - login => username:admin,password:123456
[2020-03-01T12:15:39.875] [DEBUG] cheese - admin
[2020-03-01T12:15:39.986] [DEBUG] cheese - null
[2020-03-01T12:15:39.988] [DEBUG] cheese - null
[2020-03-01T13:00:21.360] [DEBUG] cheese - null
[2020-03-01T15:26:34.045] [DEBUG] cheese - login => username:admin,password:123456
[2020-03-01T15:26:34.047] [DEBUG] cheese - admin
[2020-03-01T15:26:34.051] [DEBUG] cheese - null
[2020-03-01T15:26:34.052] [DEBUG] cheese - null
[2020-03-01T15:51:32.727] [DEBUG] cheese - login => username:admin,password:123456
[2020-03-01T15:51:32.729] [DEBUG] cheese - admin
[2020-03-01T15:51:32.733] [DEBUG] cheese - null
[2020-03-01T15:51:32.734] [DEBUG] cheese - null
[2020-03-01T16:06:27.506] [DEBUG] cheese - login => username:admin,password:123456
[2020-03-01T16:06:27.508] [DEBUG] cheese - admin
[2020-03-01T16:06:27.519] [DEBUG] cheese - null
[2020-03-01T16:06:27.520] [DEBUG] cheese - null
[2020-03-01T16:08:11.292] [DEBUG] cheese - login => username:admin,password:123456
[2020-03-01T16:08:11.292] [DEBUG] cheese - admin
[2020-03-01T16:08:11.304] [DEBUG] cheese - null
[2020-03-01T16:08:11.305] [DEBUG] cheese - null
[2020-03-01T16:09:14.667] [DEBUG] cheese - null
[2020-03-01T20:59:09.318] [DEBUG] cheese - login => username:admin,password:123456
[2020-03-01T20:59:09.320] [DEBUG] cheese - admin
[2020-03-01T20:59:09.327] [DEBUG] cheese - null
[2020-03-01T20:59:09.327] [DEBUG] cheese - null
[2020-03-01T21:00:40.843] [DEBUG] cheese - login => username:admin,password:123456
[2020-03-01T21:00:40.843] [DEBUG] cheese - admin
[2020-03-01T21:00:40.845] [DEBUG] cheese - null
[2020-03-01T21:00:40.846] [DEBUG] cheese - null
[2020-03-01T21:11:23.149] [DEBUG] cheese - login => username:admin,password:123456
[2020-03-01T21:11:23.150] [DEBUG] cheese - admin
[2020-03-01T21:11:23.152] [DEBUG] cheese - null
[2020-03-01T21:11:23.152] [DEBUG] cheese - null
[2020-03-03T14:15:16.263] [DEBUG] cheese - login => username:admin,password:123456
[2020-03-03T14:15:16.265] [DEBUG] cheese - admin
[2020-03-03T14:15:16.325] [DEBUG] cheese - null
[2020-03-03T14:15:16.326] [DEBUG] cheese - null
[2020-03-03T17:13:44.595] [DEBUG] cheese - null
[2020-03-03T18:00:46.369] [DEBUG] cheese - null
[2020-03-03T18:03:35.994] [DEBUG] cheese - null
[2020-03-03T18:04:45.979] [DEBUG] cheese - null
[2020-03-03T18:06:42.141] [DEBUG] cheese - null
[2020-03-03T18:07:57.422] [DEBUG] cheese - null
[2020-03-03T18:08:11.457] [DEBUG] cheese - null
[2020-03-03T18:08:26.157] [DEBUG] cheese - null
[2020-03-03T18:10:47.619] [DEBUG] cheese - null
[2020-03-03T18:14:24.178] [DEBUG] cheese - login => username:admin,password:123456
[2020-03-03T18:14:24.178] [DEBUG] cheese - admin
[2020-03-03T18:14:24.181] [DEBUG] cheese - null
[2020-03-03T18:14:24.182] [DEBUG] cheese - null
[2020-03-03T18:14:37.378] [DEBUG] cheese - login => username:asdf,password:123123
[2020-03-03T18:14:37.378] [DEBUG] cheese - asdf
[2020-03-03T18:14:37.380] [DEBUG] cheese - null
[2020-03-03T18:14:37.380] [DEBUG] cheese - null
[2020-03-03T18:14:45.060] [DEBUG] cheese - login => username:admin,password:123123
[2020-03-03T18:14:45.061] [DEBUG] cheese - admin
[2020-03-03T18:14:45.063] [DEBUG] cheese - null
[2020-03-03T18:14:45.063] [DEBUG] cheese - null
[2020-03-03T18:14:49.256] [DEBUG] cheese - login => username:admin,password:123456
[2020-03-03T18:14:49.256] [DEBUG] cheese - admin
[2020-03-03T18:14:49.258] [DEBUG] cheese - null
[2020-03-03T18:14:49.258] [DEBUG] cheese - null
[2020-03-03T18:15:13.153] [DEBUG] cheese - login => username:asdf,password:123123
[2020-03-03T18:15:13.153] [DEBUG] cheese - asdf
[2020-03-03T18:15:13.155] [DEBUG] cheese - null
[2020-03-03T18:15:13.155] [DEBUG] cheese - null
[2020-03-03T18:15:22.219] [DEBUG] cheese - login => username:admin,password:123456
[2020-03-03T18:15:22.219] [DEBUG] cheese - admin
[2020-03-03T18:15:22.222] [DEBUG] cheese - null
[2020-03-03T18:15:22.222] [DEBUG] cheese - null
[2020-03-03T18:21:48.179] [DEBUG] cheese - login => username:admin,password:123456
[2020-03-03T18:21:48.179] [DEBUG] cheese - admin
[2020-03-03T18:21:48.182] [DEBUG] cheese - null
[2020-03-03T18:21:48.182] [DEBUG] cheese - null
[2020-03-08T11:08:47.450] [DEBUG] cheese - login => username:admin,password:123456
[2020-03-08T11:08:47.452] [DEBUG] cheese - admin
[2020-03-08T11:08:47.530] [DEBUG] cheese - null
[2020-03-08T11:08:47.532] [DEBUG] cheese - null
[2020-03-08T11:21:37.421] [DEBUG] cheese - login => username:admin,password:123456
[2020-03-08T11:21:37.421] [DEBUG] cheese - admin
[2020-03-08T11:21:37.425] [DEBUG] cheese - null
[2020-03-08T11:21:37.426] [DEBUG] cheese - null
[2020-03-08T11:24:02.187] [DEBUG] cheese - null
[2020-03-13T10:52:05.135] [DEBUG] cheese - login => username:admin,password:123456
[2020-03-13T10:52:05.139] [DEBUG] cheese - admin
[2020-03-13T10:52:05.176] [DEBUG] cheese - null
[2020-03-13T10:52:05.177] [DEBUG] cheese - null
[2020-03-21T21:35:11.670] [DEBUG] cheese - login => username:admin,password:123456
[2020-03-21T21:35:11.671] [DEBUG] cheese - admin
[2020-03-21T21:35:12.097] [DEBUG] cheese - null
[2020-03-21T21:35:12.097] [DEBUG] cheese - null
[2020-04-08T09:43:54.819] [DEBUG] cheese - login => username:admin,password:123456
[2020-04-08T09:43:54.822] [DEBUG] cheese - admin
[2020-04-08T09:43:55.047] [DEBUG] cheese - null
[2020-04-08T09:43:55.047] [DEBUG] cheese - null
[2020-04-08T09:47:46.683] [DEBUG] cheese - null
[2020-04-08T09:50:41.605] [DEBUG] cheese - null
[2020-04-08T09:50:45.417] [DEBUG] cheese - null
[2020-04-08T09:50:47.653] [DEBUG] cheese - null
[2020-04-08T09:50:50.601] [DEBUG] cheese - null
